Title for https://www.amazon.fr/: Amazon.fr : livres, DVD, jeux vidéo, musique, high-tech, informatique, jouets, vêtements, chaussures, sport, bricolage, maison, beauté, puériculture, épicerie et plus encore !
Title for www.amazon.fr/
Title for https://www.amazon.fr/: Amazon.fr : livres, DVD, jeux vidéo, musique, high-tech, informatique, jouets, vêtements, chaussures, sport, bricolage, maison, beauté, puériculture, épicerie et plus encore !
Title for www.amazon.fr/
Title for https://www.amazon.fr/: Amazon.fr : livres, DVD, jeux vidéo, musique, high-tech, informatique, jouets, vêtements, chaussures, sport, bricolage, maison, beauté, puériculture, épicerie et plus encore !
Title for www.amazon.fr/
Title for https://www.amazon.fr/: Amazon.fr : livres, DVD, jeux vidéo, musique, high-tech, informatique, jouets, vêtements, chaussures, sport, bricolage, maison, beauté, puériculture, épicerie et plus encore !
Title for www.amazon.fr/
Title for https://www.amazon.fr/: Amazon.fr : livres, DVD, jeux vidéo, musique, high-tech, informatique, jouets, vêtements, chaussures, sport, bricolage, maison, beauté, puériculture, épicerie et plus encore !
Title for www.amazon.fr/
Title for https://www.amazon.fr/: Amazon.fr : livres, DVD, jeux vidéo, musique, high-tech, informatique, jouets, vêtements, chaussures, sport, bricolage, maison, beauté, puériculture, épicerie et plus encore !
Title for www.amazon.fr/
Title for https://www.amazon.fr/: Amazon.fr : livres, DVD, jeux vidéo, musique, high-tech, informatique, jouets, vêtements, chaussures, sport, bricolage, maison, beauté, puériculture, épicerie et plus encore !
Title for www.amazon.fr/
Title for https://www.amazon.fr/: Amazon.fr : livres, DVD, jeux vidéo, musique, high-tech, informatique, jouets, vêtements, chaussures, sport, bricolage, maison, beauté, puériculture, épicerie et plus encore !
Title for www.amazon.fr/
Title for https://www.amazon.fr/: Amazon.fr : livres, DVD, jeux vidéo, musique, high-tech, informatique, jouets, vêtements, chaussures, sport, bricolage, maison, beauté, puériculture, épicerie et plus encore !
Title for www.amazon.fr/
Title for https://laracasts.com/series/aws-fundamentals/episodes/1: 
Title for laracasts.com/series/aws-fundamentals/episodes/1
Title for https://www.amazon.fr/: Amazon.fr : livres, DVD, jeux vidéo, musique, high-tech, informatique, jouets, vêtements, chaussures, sport, bricolage, maison, beauté, puériculture, épicerie et plus encore !
Title for www.amazon.fr/
Title for https://laracasts.com/series/aws-fundamentals/episodes/1: 
Title for laracasts.com/series/aws-fundamentals/episodes/1
Title for https://www.amazon.fr/: Amazon.fr : livres, DVD, jeux vidéo, musique, high-tech, informatique, jouets, vêtements, chaussures, sport, bricolage, maison, beauté, puériculture, épicerie et plus encore !
Title for www.amazon.fr/
Title for https://laracasts.com/series/aws-fundamentals/episodes/1: 
Title for laracasts.com/series/aws-fundamentals/episodes/1
Title for https://www.amazon.fr/: Amazon.fr : livres, DVD, jeux vidéo, musique, high-tech, informatique, jouets, vêtements, chaussures, sport, bricolage, maison, beauté, puériculture, épicerie et plus encore !
Title for www.amazon.fr/
Title for https://laracasts.com/series/aws-fundamentals/episodes/1: 
Title for laracasts.com/series/aws-fundamentals/episodes/1
Title for https://www.amazon.fr/: Amazon.fr : livres, DVD, jeux vidéo, musique, high-tech, informatique, jouets, vêtements, chaussures, sport, bricolage, maison, beauté, puériculture, épicerie et plus encore !
Title for www.amazon.fr/
Title for https://laracasts.com/series/aws-fundamentals/episodes/1: 
Title for laracasts.com/series/aws-fundamentals/episodes/1
Title for https://www.amazon.fr/: Amazon.fr : livres, DVD, jeux vidéo, musique, high-tech, informatique, jouets, vêtements, chaussures, sport, bricolage, maison, beauté, puériculture, épicerie et plus encore !
Title for www.amazon.fr/
Title for https://laracasts.com/series/aws-fundamentals/episodes/1: 
Title for laracasts.com/series/aws-fundamentals/episodes/1
Title for https://www.amazon.fr/: Amazon.fr : livres, DVD, jeux vidéo, musique, high-tech, informatique, jouets, vêtements, chaussures, sport, bricolage, maison, beauté, puériculture, épicerie et plus encore !
Title for www.amazon.fr/
Title for https://laracasts.com/series/aws-fundamentals/episodes/1: 
Title for laracasts.com/series/aws-fundamentals/episodes/1
Title for https://www.amazon.fr/: Amazon.fr : livres, DVD, jeux vidéo, musique, high-tech, informatique, jouets, vêtements, chaussures, sport, bricolage, maison, beauté, puériculture, épicerie et plus encore !
Title for www.amazon.fr/
Title for https://laracasts.com/series/aws-fundamentals/episodes/1: 
Title for laracasts.com/series/aws-fundamentals/episodes/1
Title for https://www.amazon.fr/: Amazon.fr : livres, DVD, jeux vidéo, musique, high-tech, informatique, jouets, vêtements, chaussures, sport, bricolage, maison, beauté, puériculture, épicerie et plus encore !
Title for www.amazon.fr/
Title for https://laracasts.com/series/aws-fundamentals/episodes/1: 
Title for laracasts.com/series/aws-fundamentals/episodes/1
Title for https://www.amazon.fr/: Amazon.fr : livres, DVD, jeux vidéo, musique, high-tech, informatique, jouets, vêtements, chaussures, sport, bricolage, maison, beauté, puériculture, épicerie et plus encore !
Title for www.amazon.fr/
Title for https://laracasts.com/series/aws-fundamentals/episodes/1: 
Title for laracasts.com/series/aws-fundamentals/episodes/1
Title for https://www.amazon.fr/: Amazon.fr : livres, DVD, jeux vidéo, musique, high-tech, informatique, jouets, vêtements, chaussures, sport, bricolage, maison, beauté, puériculture, épicerie et plus encore !
Title for www.amazon.fr/
Title for https://laracasts.com/series/aws-fundamentals/episodes/1: 
Title for laracasts.com/series/aws-fundamentals/episodes/1
Title for https://www.amazon.fr/: Amazon.fr : livres, DVD, jeux vidéo, musique, high-tech, informatique, jouets, vêtements, chaussures, sport, bricolage, maison, beauté, puériculture, épicerie et plus encore !
Title for www.amazon.fr/
Title for https://laracasts.com/series/aws-fundamentals/episodes/1: 
Title for laracasts.com/series/aws-fundamentals/episodes/1
Title for https://www.amazon.fr/: Amazon.fr : livres, DVD, jeux vidéo, musique, high-tech, informatique, jouets, vêtements, chaussures, sport, bricolage, maison, beauté, puériculture, épicerie et plus encore !
Title for www.amazon.fr/
Title for https://laracasts.com/series/aws-fundamentals/episodes/1: 
Title for laracasts.com/series/aws-fundamentals/episodes/1
Title for https://www.amazon.fr/: Amazon.fr : livres, DVD, jeux vidéo, musique, high-tech, informatique, jouets, vêtements, chaussures, sport, bricolage, maison, beauté, puériculture, épicerie et plus encore !
Title for www.amazon.fr/
Title for https://laracasts.com/series/aws-fundamentals/episodes/1: 
Title for laracasts.com/series/aws-fundamentals/episodes/1
Title for https://www.amazon.fr/: Amazon.fr : livres, DVD, jeux vidéo, musique, high-tech, informatique, jouets, vêtements, chaussures, sport, bricolage, maison, beauté, puériculture, épicerie et plus encore !
Title for www.amazon.fr/
Title for https://laracasts.com/series/aws-fundamentals/episodes/1: 
Title for laracasts.com/series/aws-fundamentals/episodes/1
Title for https://cloud.ionos.fr/stockage/object-storage?ac=OM.FR.FRo42K356238T7073a&itc=8UF8HPYG-HUKYUQ-&utm_source=google&utm_medium=cpc&utm_campaign=%7bcampaign%7d&utm_term=s3%20object%20storage&matchtype=b&utm_content=%7badgroup%7d&gclid=CjwKCAiAl9efBhAkEiwA4ToriicWOQnFZg10o8wnM7toSrPOBhvYVBoyfwhHqu63vcRigPqjx8ko5hoCG_sQAvD_BwE&gclsrc=aw.ds: IONOS S3 Object Storage : dans le Compute Engine
Title for cloud.ionos.fr/stockage/object-storage?ac=OM.FR.FRo42K356238T7073a&itc=8UF8HPYG-HUKYUQ-&utm_source=google&utm_medium=cpc&utm_campaign=%7bcampaign%7d&utm_term=s3%20object%20storage&matchtype=b&utm_content=%7badgroup%7d&gclid=CjwKCAiAl9efBhAkEiwA4ToriicWOQnFZg10o8wnM7toSrPOBhvYVBoyfwhHqu63vcRigPqjx8ko5hoCG_sQAvD_BwE&gclsrc=aw.ds
Title for https://www.amazon.fr/: Amazon.fr : livres, DVD, jeux vidéo, musique, high-tech, informatique, jouets, vêtements, chaussures, sport, bricolage, maison, beauté, puériculture, épicerie et plus encore !
Title for www.amazon.fr/
Title for https://laracasts.com/series/aws-fundamentals/episodes/1: 
Title for laracasts.com/series/aws-fundamentals/episodes/1
Title for https://cloud.ionos.fr/stockage/object-storage?ac=OM.FR.FRo42K356238T7073a&itc=8UF8HPYG-HUKYUQ-&utm_source=google&utm_medium=cpc&utm_campaign=%7bcampaign%7d&utm_term=s3%20object%20storage&matchtype=b&utm_content=%7badgroup%7d&gclid=CjwKCAiAl9efBhAkEiwA4ToriicWOQnFZg10o8wnM7toSrPOBhvYVBoyfwhHqu63vcRigPqjx8ko5hoCG_sQAvD_BwE&gclsrc=aw.ds: IONOS S3 Object Storage : dans le Compute Engine
Title for cloud.ionos.fr/stockage/object-storage?ac=OM.FR.FRo42K356238T7073a&itc=8UF8HPYG-HUKYUQ-&utm_source=google&utm_medium=cpc&utm_campaign=%7bcampaign%7d&utm_term=s3%20object%20storage&matchtype=b&utm_content=%7badgroup%7d&gclid=CjwKCAiAl9efBhAkEiwA4ToriicWOQnFZg10o8wnM7toSrPOBhvYVBoyfwhHqu63vcRigPqjx8ko5hoCG_sQAvD_BwE&gclsrc=aw.ds
Title for https://www.amazon.fr/: Amazon.fr : livres, DVD, jeux vidéo, musique, high-tech, informatique, jouets, vêtements, chaussures, sport, bricolage, maison, beauté, puériculture, épicerie et plus encore !
Title for www.amazon.fr/
Title for https://laracasts.com/series/aws-fundamentals/episodes/1: 
Title for laracasts.com/series/aws-fundamentals/episodes/1
Title for https://cloud.ionos.fr/stockage/object-storage?ac=OM.FR.FRo42K356238T7073a&itc=8UF8HPYG-HUKYUQ-&utm_source=google&utm_medium=cpc&utm_campaign=%7bcampaign%7d&utm_term=s3%20object%20storage&matchtype=b&utm_content=%7badgroup%7d&gclid=CjwKCAiAl9efBhAkEiwA4ToriicWOQnFZg10o8wnM7toSrPOBhvYVBoyfwhHqu63vcRigPqjx8ko5hoCG_sQAvD_BwE&gclsrc=aw.ds: IONOS S3 Object Storage : dans le Compute Engine
Title for cloud.ionos.fr/stockage/object-storage?ac=OM.FR.FRo42K356238T7073a&itc=8UF8HPYG-HUKYUQ-&utm_source=google&utm_medium=cpc&utm_campaign=%7bcampaign%7d&utm_term=s3%20object%20storage&matchtype=b&utm_content=%7badgroup%7d&gclid=CjwKCAiAl9efBhAkEiwA4ToriicWOQnFZg10o8wnM7toSrPOBhvYVBoyfwhHqu63vcRigPqjx8ko5hoCG_sQAvD_BwE&gclsrc=aw.ds
Title for https://www.amazon.fr/: Amazon.fr : livres, DVD, jeux vidéo, musique, high-tech, informatique, jouets, vêtements, chaussures, sport, bricolage, maison, beauté, puériculture, épicerie et plus encore !
Title for www.amazon.fr/
Title for https://laracasts.com/series/aws-fundamentals/episodes/1: 
Title for laracasts.com/series/aws-fundamentals/episodes/1
Title for https://cloud.ionos.fr/stockage/object-storage?ac=OM.FR.FRo42K356238T7073a&itc=8UF8HPYG-HUKYUQ-&utm_source=google&utm_medium=cpc&utm_campaign=%7bcampaign%7d&utm_term=s3%20object%20storage&matchtype=b&utm_content=%7badgroup%7d&gclid=CjwKCAiAl9efBhAkEiwA4ToriicWOQnFZg10o8wnM7toSrPOBhvYVBoyfwhHqu63vcRigPqjx8ko5hoCG_sQAvD_BwE&gclsrc=aw.ds: IONOS S3 Object Storage : dans le Compute Engine
Title for cloud.ionos.fr/stockage/object-storage?ac=OM.FR.FRo42K356238T7073a&itc=8UF8HPYG-HUKYUQ-&utm_source=google&utm_medium=cpc&utm_campaign=%7bcampaign%7d&utm_term=s3%20object%20storage&matchtype=b&utm_content=%7badgroup%7d&gclid=CjwKCAiAl9efBhAkEiwA4ToriicWOQnFZg10o8wnM7toSrPOBhvYVBoyfwhHqu63vcRigPqjx8ko5hoCG_sQAvD_BwE&gclsrc=aw.ds
Title for https://www.amazon.fr/: Amazon.fr : livres, DVD, jeux vidéo, musique, high-tech, informatique, jouets, vêtements, chaussures, sport, bricolage, maison, beauté, puériculture, épicerie et plus encore !
Title for www.amazon.fr/
Title for https://laracasts.com/series/aws-fundamentals/episodes/1: 
Title for laracasts.com/series/aws-fundamentals/episodes/1
Title for https://cloud.ionos.fr/stockage/object-storage?ac=OM.FR.FRo42K356238T7073a&itc=8UF8HPYG-HUKYUQ-&utm_source=google&utm_medium=cpc&utm_campaign=%7bcampaign%7d&utm_term=s3%20object%20storage&matchtype=b&utm_content=%7badgroup%7d&gclid=CjwKCAiAl9efBhAkEiwA4ToriicWOQnFZg10o8wnM7toSrPOBhvYVBoyfwhHqu63vcRigPqjx8ko5hoCG_sQAvD_BwE&gclsrc=aw.ds: IONOS S3 Object Storage : dans le Compute Engine
Title for cloud.ionos.fr/stockage/object-storage?ac=OM.FR.FRo42K356238T7073a&itc=8UF8HPYG-HUKYUQ-&utm_source=google&utm_medium=cpc&utm_campaign=%7bcampaign%7d&utm_term=s3%20object%20storage&matchtype=b&utm_content=%7badgroup%7d&gclid=CjwKCAiAl9efBhAkEiwA4ToriicWOQnFZg10o8wnM7toSrPOBhvYVBoyfwhHqu63vcRigPqjx8ko5hoCG_sQAvD_BwE&gclsrc=aw.ds
Title for https://www.amazon.fr/: Amazon.fr : livres, DVD, jeux vidéo, musique, high-tech, informatique, jouets, vêtements, chaussures, sport, bricolage, maison, beauté, puériculture, épicerie et plus encore !
Title for www.amazon.fr/
Title for https://laracasts.com/series/aws-fundamentals/episodes/1: 
Title for laracasts.com/series/aws-fundamentals/episodes/1
Title for https://cloud.ionos.fr/stockage/object-storage?ac=OM.FR.FRo42K356238T7073a&itc=8UF8HPYG-HUKYUQ-&utm_source=google&utm_medium=cpc&utm_campaign=%7bcampaign%7d&utm_term=s3%20object%20storage&matchtype=b&utm_content=%7badgroup%7d&gclid=CjwKCAiAl9efBhAkEiwA4ToriicWOQnFZg10o8wnM7toSrPOBhvYVBoyfwhHqu63vcRigPqjx8ko5hoCG_sQAvD_BwE&gclsrc=aw.ds: IONOS S3 Object Storage : dans le Compute Engine
Title for cloud.ionos.fr/stockage/object-storage?ac=OM.FR.FRo42K356238T7073a&itc=8UF8HPYG-HUKYUQ-&utm_source=google&utm_medium=cpc&utm_campaign=%7bcampaign%7d&utm_term=s3%20object%20storage&matchtype=b&utm_content=%7badgroup%7d&gclid=CjwKCAiAl9efBhAkEiwA4ToriicWOQnFZg10o8wnM7toSrPOBhvYVBoyfwhHqu63vcRigPqjx8ko5hoCG_sQAvD_BwE&gclsrc=aw.ds
Title for https://www.amazon.fr/: Amazon.fr : livres, DVD, jeux vidéo, musique, high-tech, informatique, jouets, vêtements, chaussures, sport, bricolage, maison, beauté, puériculture, épicerie et plus encore !
Title for www.amazon.fr/
Title for https://laracasts.com/series/aws-fundamentals/episodes/1: 
Title for laracasts.com/series/aws-fundamentals/episodes/1
Title for https://cloud.ionos.fr/stockage/object-storage?ac=OM.FR.FRo42K356238T7073a&itc=8UF8HPYG-HUKYUQ-&utm_source=google&utm_medium=cpc&utm_campaign=%7bcampaign%7d&utm_term=s3%20object%20storage&matchtype=b&utm_content=%7badgroup%7d&gclid=CjwKCAiAl9efBhAkEiwA4ToriicWOQnFZg10o8wnM7toSrPOBhvYVBoyfwhHqu63vcRigPqjx8ko5hoCG_sQAvD_BwE&gclsrc=aw.ds: IONOS S3 Object Storage : dans le Compute Engine
Title for cloud.ionos.fr/stockage/object-storage?ac=OM.FR.FRo42K356238T7073a&itc=8UF8HPYG-HUKYUQ-&utm_source=google&utm_medium=cpc&utm_campaign=%7bcampaign%7d&utm_term=s3%20object%20storage&matchtype=b&utm_content=%7badgroup%7d&gclid=CjwKCAiAl9efBhAkEiwA4ToriicWOQnFZg10o8wnM7toSrPOBhvYVBoyfwhHqu63vcRigPqjx8ko5hoCG_sQAvD_BwE&gclsrc=aw.ds
Title for https://laracasts.com/: 
Title for laracasts.com/
Title for https://www.amazon.fr/: Amazon.fr : livres, DVD, jeux vidéo, musique, high-tech, informatique, jouets, vêtements, chaussures, sport, bricolage, maison, beauté, puériculture, épicerie et plus encore !
Title for www.amazon.fr/
Title for https://laracasts.com/series/aws-fundamentals/episodes/1: 
Title for laracasts.com/series/aws-fundamentals/episodes/1
Title for https://cloud.ionos.fr/stockage/object-storage?ac=OM.FR.FRo42K356238T7073a&itc=8UF8HPYG-HUKYUQ-&utm_source=google&utm_medium=cpc&utm_campaign=%7bcampaign%7d&utm_term=s3%20object%20storage&matchtype=b&utm_content=%7badgroup%7d&gclid=CjwKCAiAl9efBhAkEiwA4ToriicWOQnFZg10o8wnM7toSrPOBhvYVBoyfwhHqu63vcRigPqjx8ko5hoCG_sQAvD_BwE&gclsrc=aw.ds: IONOS S3 Object Storage : dans le Compute Engine
Title for cloud.ionos.fr/stockage/object-storage?ac=OM.FR.FRo42K356238T7073a&itc=8UF8HPYG-HUKYUQ-&utm_source=google&utm_medium=cpc&utm_campaign=%7bcampaign%7d&utm_term=s3%20object%20storage&matchtype=b&utm_content=%7badgroup%7d&gclid=CjwKCAiAl9efBhAkEiwA4ToriicWOQnFZg10o8wnM7toSrPOBhvYVBoyfwhHqu63vcRigPqjx8ko5hoCG_sQAvD_BwE&gclsrc=aw.ds
Title for https://laracasts.com/: 
Title for laracasts.com/
Title for https://www.amazon.fr/: Amazon.fr : livres, DVD, jeux vidéo, musique, high-tech, informatique, jouets, vêtements, chaussures, sport, bricolage, maison, beauté, puériculture, épicerie et plus encore !
Title for www.amazon.fr/
Title for https://laracasts.com/series/aws-fundamentals/episodes/1: 
Title for laracasts.com/series/aws-fundamentals/episodes/1
Title for https://cloud.ionos.fr/stockage/object-storage?ac=OM.FR.FRo42K356238T7073a&itc=8UF8HPYG-HUKYUQ-&utm_source=google&utm_medium=cpc&utm_campaign=%7bcampaign%7d&utm_term=s3%20object%20storage&matchtype=b&utm_content=%7badgroup%7d&gclid=CjwKCAiAl9efBhAkEiwA4ToriicWOQnFZg10o8wnM7toSrPOBhvYVBoyfwhHqu63vcRigPqjx8ko5hoCG_sQAvD_BwE&gclsrc=aw.ds: IONOS S3 Object Storage : dans le Compute Engine
Title for cloud.ionos.fr/stockage/object-storage?ac=OM.FR.FRo42K356238T7073a&itc=8UF8HPYG-HUKYUQ-&utm_source=google&utm_medium=cpc&utm_campaign=%7bcampaign%7d&utm_term=s3%20object%20storage&matchtype=b&utm_content=%7badgroup%7d&gclid=CjwKCAiAl9efBhAkEiwA4ToriicWOQnFZg10o8wnM7toSrPOBhvYVBoyfwhHqu63vcRigPqjx8ko5hoCG_sQAvD_BwE&gclsrc=aw.ds
Title for https://laracasts.com/: 
Title for laracasts.com/
Title for https://www.amazon.fr/: Amazon.fr : livres, DVD, jeux vidéo, musique, high-tech, informatique, jouets, vêtements, chaussures, sport, bricolage, maison, beauté, puériculture, épicerie et plus encore !
Title for www.amazon.fr/
Title for https://laracasts.com/series/aws-fundamentals/episodes/1: 
Title for laracasts.com/series/aws-fundamentals/episodes/1
Title for https://cloud.ionos.fr/stockage/object-storage?ac=OM.FR.FRo42K356238T7073a&itc=8UF8HPYG-HUKYUQ-&utm_source=google&utm_medium=cpc&utm_campaign=%7bcampaign%7d&utm_term=s3%20object%20storage&matchtype=b&utm_content=%7badgroup%7d&gclid=CjwKCAiAl9efBhAkEiwA4ToriicWOQnFZg10o8wnM7toSrPOBhvYVBoyfwhHqu63vcRigPqjx8ko5hoCG_sQAvD_BwE&gclsrc=aw.ds: IONOS S3 Object Storage : dans le Compute Engine
Title for cloud.ionos.fr/stockage/object-storage?ac=OM.FR.FRo42K356238T7073a&itc=8UF8HPYG-HUKYUQ-&utm_source=google&utm_medium=cpc&utm_campaign=%7bcampaign%7d&utm_term=s3%20object%20storage&matchtype=b&utm_content=%7badgroup%7d&gclid=CjwKCAiAl9efBhAkEiwA4ToriicWOQnFZg10o8wnM7toSrPOBhvYVBoyfwhHqu63vcRigPqjx8ko5hoCG_sQAvD_BwE&gclsrc=aw.ds
Title for https://laracasts.com/: 
Title for laracasts.com/
Title for https://www.amazon.fr/: Amazon.fr : livres, DVD, jeux vidéo, musique, high-tech, informatique, jouets, vêtements, chaussures, sport, bricolage, maison, beauté, puériculture, épicerie et plus encore !
Title for www.amazon.fr/
Title for https://laracasts.com/series/aws-fundamentals/episodes/1: 
Title for laracasts.com/series/aws-fundamentals/episodes/1
Title for https://cloud.ionos.fr/stockage/object-storage?ac=OM.FR.FRo42K356238T7073a&itc=8UF8HPYG-HUKYUQ-&utm_source=google&utm_medium=cpc&utm_campaign=%7bcampaign%7d&utm_term=s3%20object%20storage&matchtype=b&utm_content=%7badgroup%7d&gclid=CjwKCAiAl9efBhAkEiwA4ToriicWOQnFZg10o8wnM7toSrPOBhvYVBoyfwhHqu63vcRigPqjx8ko5hoCG_sQAvD_BwE&gclsrc=aw.ds: IONOS S3 Object Storage : dans le Compute Engine
Title for cloud.ionos.fr/stockage/object-storage?ac=OM.FR.FRo42K356238T7073a&itc=8UF8HPYG-HUKYUQ-&utm_source=google&utm_medium=cpc&utm_campaign=%7bcampaign%7d&utm_term=s3%20object%20storage&matchtype=b&utm_content=%7badgroup%7d&gclid=CjwKCAiAl9efBhAkEiwA4ToriicWOQnFZg10o8wnM7toSrPOBhvYVBoyfwhHqu63vcRigPqjx8ko5hoCG_sQAvD_BwE&gclsrc=aw.ds
Title for https://laracasts.com/: 
Title for laracasts.com/
Title for https://www.amazon.fr/: Amazon.fr : livres, DVD, jeux vidéo, musique, high-tech, informatique, jouets, vêtements, chaussures, sport, bricolage, maison, beauté, puériculture, épicerie et plus encore !
Title for www.amazon.fr/
Title for https://laracasts.com/series/aws-fundamentals/episodes/1: 
Title for laracasts.com/series/aws-fundamentals/episodes/1
Title for https://cloud.ionos.fr/stockage/object-storage?ac=OM.FR.FRo42K356238T7073a&itc=8UF8HPYG-HUKYUQ-&utm_source=google&utm_medium=cpc&utm_campaign=%7bcampaign%7d&utm_term=s3%20object%20storage&matchtype=b&utm_content=%7badgroup%7d&gclid=CjwKCAiAl9efBhAkEiwA4ToriicWOQnFZg10o8wnM7toSrPOBhvYVBoyfwhHqu63vcRigPqjx8ko5hoCG_sQAvD_BwE&gclsrc=aw.ds: IONOS S3 Object Storage : dans le Compute Engine
Title for cloud.ionos.fr/stockage/object-storage?ac=OM.FR.FRo42K356238T7073a&itc=8UF8HPYG-HUKYUQ-&utm_source=google&utm_medium=cpc&utm_campaign=%7bcampaign%7d&utm_term=s3%20object%20storage&matchtype=b&utm_content=%7badgroup%7d&gclid=CjwKCAiAl9efBhAkEiwA4ToriicWOQnFZg10o8wnM7toSrPOBhvYVBoyfwhHqu63vcRigPqjx8ko5hoCG_sQAvD_BwE&gclsrc=aw.ds
Title for https://laracasts.com/: 
Title for laracasts.com/
Title for https://www.amazon.fr/: Amazon.fr : livres, DVD, jeux vidéo, musique, high-tech, informatique, jouets, vêtements, chaussures, sport, bricolage, maison, beauté, puériculture, épicerie et plus encore !
Title for www.amazon.fr/
Title for https://laracasts.com/series/aws-fundamentals/episodes/1: 
Title for laracasts.com/series/aws-fundamentals/episodes/1
Title for https://cloud.ionos.fr/stockage/object-storage?ac=OM.FR.FRo42K356238T7073a&itc=8UF8HPYG-HUKYUQ-&utm_source=google&utm_medium=cpc&utm_campaign=%7bcampaign%7d&utm_term=s3%20object%20storage&matchtype=b&utm_content=%7badgroup%7d&gclid=CjwKCAiAl9efBhAkEiwA4ToriicWOQnFZg10o8wnM7toSrPOBhvYVBoyfwhHqu63vcRigPqjx8ko5hoCG_sQAvD_BwE&gclsrc=aw.ds: IONOS S3 Object Storage : dans le Compute Engine
Title for cloud.ionos.fr/stockage/object-storage?ac=OM.FR.FRo42K356238T7073a&itc=8UF8HPYG-HUKYUQ-&utm_source=google&utm_medium=cpc&utm_campaign=%7bcampaign%7d&utm_term=s3%20object%20storage&matchtype=b&utm_content=%7badgroup%7d&gclid=CjwKCAiAl9efBhAkEiwA4ToriicWOQnFZg10o8wnM7toSrPOBhvYVBoyfwhHqu63vcRigPqjx8ko5hoCG_sQAvD_BwE&gclsrc=aw.ds
Title for https://laracasts.com/: 
Title for laracasts.com/
Title for https://www.amazon.fr/: Amazon.fr : livres, DVD, jeux vidéo, musique, high-tech, informatique, jouets, vêtements, chaussures, sport, bricolage, maison, beauté, puériculture, épicerie et plus encore !
Title for www.amazon.fr/
Title for https://laracasts.com/series/aws-fundamentals/episodes/1: 
Title for laracasts.com/series/aws-fundamentals/episodes/1
Title for https://cloud.ionos.fr/stockage/object-storage?ac=OM.FR.FRo42K356238T7073a&itc=8UF8HPYG-HUKYUQ-&utm_source=google&utm_medium=cpc&utm_campaign=%7bcampaign%7d&utm_term=s3%20object%20storage&matchtype=b&utm_content=%7badgroup%7d&gclid=CjwKCAiAl9efBhAkEiwA4ToriicWOQnFZg10o8wnM7toSrPOBhvYVBoyfwhHqu63vcRigPqjx8ko5hoCG_sQAvD_BwE&gclsrc=aw.ds: IONOS S3 Object Storage : dans le Compute Engine
Title for cloud.ionos.fr/stockage/object-storage?ac=OM.FR.FRo42K356238T7073a&itc=8UF8HPYG-HUKYUQ-&utm_source=google&utm_medium=cpc&utm_campaign=%7bcampaign%7d&utm_term=s3%20object%20storage&matchtype=b&utm_content=%7badgroup%7d&gclid=CjwKCAiAl9efBhAkEiwA4ToriicWOQnFZg10o8wnM7toSrPOBhvYVBoyfwhHqu63vcRigPqjx8ko5hoCG_sQAvD_BwE&gclsrc=aw.ds
Title for https://laracasts.com/: 
Title for laracasts.com/
Title for https://www.amazon.fr/: Amazon.fr : livres, DVD, jeux vidéo, musique, high-tech, informatique, jouets, vêtements, chaussures, sport, bricolage, maison, beauté, puériculture, épicerie et plus encore !
Title for www.amazon.fr/
Title for https://laracasts.com/series/aws-fundamentals/episodes/1: 
Title for laracasts.com/series/aws-fundamentals/episodes/1
Title for https://cloud.ionos.fr/stockage/object-storage?ac=OM.FR.FRo42K356238T7073a&itc=8UF8HPYG-HUKYUQ-&utm_source=google&utm_medium=cpc&utm_campaign=%7bcampaign%7d&utm_term=s3%20object%20storage&matchtype=b&utm_content=%7badgroup%7d&gclid=CjwKCAiAl9efBhAkEiwA4ToriicWOQnFZg10o8wnM7toSrPOBhvYVBoyfwhHqu63vcRigPqjx8ko5hoCG_sQAvD_BwE&gclsrc=aw.ds: IONOS S3 Object Storage : dans le Compute Engine
Title for cloud.ionos.fr/stockage/object-storage?ac=OM.FR.FRo42K356238T7073a&itc=8UF8HPYG-HUKYUQ-&utm_source=google&utm_medium=cpc&utm_campaign=%7bcampaign%7d&utm_term=s3%20object%20storage&matchtype=b&utm_content=%7badgroup%7d&gclid=CjwKCAiAl9efBhAkEiwA4ToriicWOQnFZg10o8wnM7toSrPOBhvYVBoyfwhHqu63vcRigPqjx8ko5hoCG_sQAvD_BwE&gclsrc=aw.ds
Title for https://laracasts.com/: 
Title for laracasts.com/
Title for https://www.amazon.fr/: Amazon.fr : livres, DVD, jeux vidéo, musique, high-tech, informatique, jouets, vêtements, chaussures, sport, bricolage, maison, beauté, puériculture, épicerie et plus encore !
Title for www.amazon.fr/
Title for https://laracasts.com/series/aws-fundamentals/episodes/1: 
Title for laracasts.com/series/aws-fundamentals/episodes/1
Title for https://cloud.ionos.fr/stockage/object-storage?ac=OM.FR.FRo42K356238T7073a&itc=8UF8HPYG-HUKYUQ-&utm_source=google&utm_medium=cpc&utm_campaign=%7bcampaign%7d&utm_term=s3%20object%20storage&matchtype=b&utm_content=%7badgroup%7d&gclid=CjwKCAiAl9efBhAkEiwA4ToriicWOQnFZg10o8wnM7toSrPOBhvYVBoyfwhHqu63vcRigPqjx8ko5hoCG_sQAvD_BwE&gclsrc=aw.ds: IONOS S3 Object Storage : dans le Compute Engine
Title for cloud.ionos.fr/stockage/object-storage?ac=OM.FR.FRo42K356238T7073a&itc=8UF8HPYG-HUKYUQ-&utm_source=google&utm_medium=cpc&utm_campaign=%7bcampaign%7d&utm_term=s3%20object%20storage&matchtype=b&utm_content=%7badgroup%7d&gclid=CjwKCAiAl9efBhAkEiwA4ToriicWOQnFZg10o8wnM7toSrPOBhvYVBoyfwhHqu63vcRigPqjx8ko5hoCG_sQAvD_BwE&gclsrc=aw.ds
Title for https://laracasts.com/: 
Title for laracasts.com/
Title for https://www.amazon.fr/: Amazon.fr : livres, DVD, jeux vidéo, musique, high-tech, informatique, jouets, vêtements, chaussures, sport, bricolage, maison, beauté, puériculture, épicerie et plus encore !
Title for www.amazon.fr/
Title for https://laracasts.com/series/aws-fundamentals/episodes/1: 
Title for laracasts.com/series/aws-fundamentals/episodes/1
Title for https://cloud.ionos.fr/stockage/object-storage?ac=OM.FR.FRo42K356238T7073a&itc=8UF8HPYG-HUKYUQ-&utm_source=google&utm_medium=cpc&utm_campaign=%7bcampaign%7d&utm_term=s3%20object%20storage&matchtype=b&utm_content=%7badgroup%7d&gclid=CjwKCAiAl9efBhAkEiwA4ToriicWOQnFZg10o8wnM7toSrPOBhvYVBoyfwhHqu63vcRigPqjx8ko5hoCG_sQAvD_BwE&gclsrc=aw.ds: IONOS S3 Object Storage : dans le Compute Engine
Title for cloud.ionos.fr/stockage/object-storage?ac=OM.FR.FRo42K356238T7073a&itc=8UF8HPYG-HUKYUQ-&utm_source=google&utm_medium=cpc&utm_campaign=%7bcampaign%7d&utm_term=s3%20object%20storage&matchtype=b&utm_content=%7badgroup%7d&gclid=CjwKCAiAl9efBhAkEiwA4ToriicWOQnFZg10o8wnM7toSrPOBhvYVBoyfwhHqu63vcRigPqjx8ko5hoCG_sQAvD_BwE&gclsrc=aw.ds
Title for https://laracasts.com/: 
Title for laracasts.com/
Title for https://www.amazon.fr/: Amazon.fr : livres, DVD, jeux vidéo, musique, high-tech, informatique, jouets, vêtements, chaussures, sport, bricolage, maison, beauté, puériculture, épicerie et plus encore !
Title for www.amazon.fr/
Title for https://laracasts.com/series/aws-fundamentals/episodes/1: 
Title for laracasts.com/series/aws-fundamentals/episodes/1
Title for https://cloud.ionos.fr/stockage/object-storage?ac=OM.FR.FRo42K356238T7073a&itc=8UF8HPYG-HUKYUQ-&utm_source=google&utm_medium=cpc&utm_campaign=%7bcampaign%7d&utm_term=s3%20object%20storage&matchtype=b&utm_content=%7badgroup%7d&gclid=CjwKCAiAl9efBhAkEiwA4ToriicWOQnFZg10o8wnM7toSrPOBhvYVBoyfwhHqu63vcRigPqjx8ko5hoCG_sQAvD_BwE&gclsrc=aw.ds: IONOS S3 Object Storage : dans le Compute Engine
Title for cloud.ionos.fr/stockage/object-storage?ac=OM.FR.FRo42K356238T7073a&itc=8UF8HPYG-HUKYUQ-&utm_source=google&utm_medium=cpc&utm_campaign=%7bcampaign%7d&utm_term=s3%20object%20storage&matchtype=b&utm_content=%7badgroup%7d&gclid=CjwKCAiAl9efBhAkEiwA4ToriicWOQnFZg10o8wnM7toSrPOBhvYVBoyfwhHqu63vcRigPqjx8ko5hoCG_sQAvD_BwE&gclsrc=aw.ds
Title for https://laracasts.com/: 
Title for laracasts.com/
Title for https://laracasts.com/: 
Title for laracasts.com/
Title for https://www.amazon.fr/: Amazon.fr : livres, DVD, jeux vidéo, musique, high-tech, informatique, jouets, vêtements, chaussures, sport, bricolage, maison, beauté, puériculture, épicerie et plus encore !
Title for www.amazon.fr/
Title for https://laracasts.com/series/aws-fundamentals/episodes/1: 
Title for laracasts.com/series/aws-fundamentals/episodes/1
Title for https://cloud.ionos.fr/stockage/object-storage?ac=OM.FR.FRo42K356238T7073a&itc=8UF8HPYG-HUKYUQ-&utm_source=google&utm_medium=cpc&utm_campaign=%7bcampaign%7d&utm_term=s3%20object%20storage&matchtype=b&utm_content=%7badgroup%7d&gclid=CjwKCAiAl9efBhAkEiwA4ToriicWOQnFZg10o8wnM7toSrPOBhvYVBoyfwhHqu63vcRigPqjx8ko5hoCG_sQAvD_BwE&gclsrc=aw.ds: IONOS S3 Object Storage : dans le Compute Engine
Title for cloud.ionos.fr/stockage/object-storage?ac=OM.FR.FRo42K356238T7073a&itc=8UF8HPYG-HUKYUQ-&utm_source=google&utm_medium=cpc&utm_campaign=%7bcampaign%7d&utm_term=s3%20object%20storage&matchtype=b&utm_content=%7badgroup%7d&gclid=CjwKCAiAl9efBhAkEiwA4ToriicWOQnFZg10o8wnM7toSrPOBhvYVBoyfwhHqu63vcRigPqjx8ko5hoCG_sQAvD_BwE&gclsrc=aw.ds
Title for https://laracasts.com/: 
Title for laracasts.com/
Title for https://laracasts.com/: 
Title for laracasts.com/
Title for https://www.amazon.fr/: Amazon.fr : livres, DVD, jeux vidéo, musique, high-tech, informatique, jouets, vêtements, chaussures, sport, bricolage, maison, beauté, puériculture, épicerie et plus encore !
Title for www.amazon.fr/
Title for https://laracasts.com/series/aws-fundamentals/episodes/1: 
Title for laracasts.com/series/aws-fundamentals/episodes/1
Title for https://cloud.ionos.fr/stockage/object-storage?ac=OM.FR.FRo42K356238T7073a&itc=8UF8HPYG-HUKYUQ-&utm_source=google&utm_medium=cpc&utm_campaign=%7bcampaign%7d&utm_term=s3%20object%20storage&matchtype=b&utm_content=%7badgroup%7d&gclid=CjwKCAiAl9efBhAkEiwA4ToriicWOQnFZg10o8wnM7toSrPOBhvYVBoyfwhHqu63vcRigPqjx8ko5hoCG_sQAvD_BwE&gclsrc=aw.ds: IONOS S3 Object Storage : dans le Compute Engine
Title for cloud.ionos.fr/stockage/object-storage?ac=OM.FR.FRo42K356238T7073a&itc=8UF8HPYG-HUKYUQ-&utm_source=google&utm_medium=cpc&utm_campaign=%7bcampaign%7d&utm_term=s3%20object%20storage&matchtype=b&utm_content=%7badgroup%7d&gclid=CjwKCAiAl9efBhAkEiwA4ToriicWOQnFZg10o8wnM7toSrPOBhvYVBoyfwhHqu63vcRigPqjx8ko5hoCG_sQAvD_BwE&gclsrc=aw.ds
Title for https://laracasts.com/: 
Title for laracasts.com/
Title for https://laracasts.com/: 
Title for laracasts.com/
Title for https://www.cardmarket.com/fr/YuGiOh: Cardmarket: Achète et Vends des cartes Yu-Gi-Oh!
Title for www.cardmarket.com/fr/YuGiOh
Title for https://www.amazon.fr/: Amazon.fr : livres, DVD, jeux vidéo, musique, high-tech, informatique, jouets, vêtements, chaussures, sport, bricolage, maison, beauté, puériculture, épicerie et plus encore !
Title for www.amazon.fr/
Title for https://laracasts.com/series/aws-fundamentals/episodes/1: 
Title for laracasts.com/series/aws-fundamentals/episodes/1
Title for https://cloud.ionos.fr/stockage/object-storage?ac=OM.FR.FRo42K356238T7073a&itc=8UF8HPYG-HUKYUQ-&utm_source=google&utm_medium=cpc&utm_campaign=%7bcampaign%7d&utm_term=s3%20object%20storage&matchtype=b&utm_content=%7badgroup%7d&gclid=CjwKCAiAl9efBhAkEiwA4ToriicWOQnFZg10o8wnM7toSrPOBhvYVBoyfwhHqu63vcRigPqjx8ko5hoCG_sQAvD_BwE&gclsrc=aw.ds: IONOS S3 Object Storage : dans le Compute Engine
Title for cloud.ionos.fr/stockage/object-storage?ac=OM.FR.FRo42K356238T7073a&itc=8UF8HPYG-HUKYUQ-&utm_source=google&utm_medium=cpc&utm_campaign=%7bcampaign%7d&utm_term=s3%20object%20storage&matchtype=b&utm_content=%7badgroup%7d&gclid=CjwKCAiAl9efBhAkEiwA4ToriicWOQnFZg10o8wnM7toSrPOBhvYVBoyfwhHqu63vcRigPqjx8ko5hoCG_sQAvD_BwE&gclsrc=aw.ds
Title for https://laracasts.com/: 
Title for laracasts.com/
Title for https://laracasts.com/: 
Title for laracasts.com/
Title for https://www.cardmarket.com/fr/YuGiOh: Cardmarket: Achète et Vends des cartes Yu-Gi-Oh!
Title for www.cardmarket.com/fr/YuGiOh
Title for https://www.amazon.fr/: Amazon.fr : livres, DVD, jeux vidéo, musique, high-tech, informatique, jouets, vêtements, chaussures, sport, bricolage, maison, beauté, puériculture, épicerie et plus encore !
Title for www.amazon.fr/
Title for https://laracasts.com/series/aws-fundamentals/episodes/1: 
Title for laracasts.com/series/aws-fundamentals/episodes/1
Title for https://cloud.ionos.fr/stockage/object-storage?ac=OM.FR.FRo42K356238T7073a&itc=8UF8HPYG-HUKYUQ-&utm_source=google&utm_medium=cpc&utm_campaign=%7bcampaign%7d&utm_term=s3%20object%20storage&matchtype=b&utm_content=%7badgroup%7d&gclid=CjwKCAiAl9efBhAkEiwA4ToriicWOQnFZg10o8wnM7toSrPOBhvYVBoyfwhHqu63vcRigPqjx8ko5hoCG_sQAvD_BwE&gclsrc=aw.ds: IONOS S3 Object Storage : dans le Compute Engine
Title for cloud.ionos.fr/stockage/object-storage?ac=OM.FR.FRo42K356238T7073a&itc=8UF8HPYG-HUKYUQ-&utm_source=google&utm_medium=cpc&utm_campaign=%7bcampaign%7d&utm_term=s3%20object%20storage&matchtype=b&utm_content=%7badgroup%7d&gclid=CjwKCAiAl9efBhAkEiwA4ToriicWOQnFZg10o8wnM7toSrPOBhvYVBoyfwhHqu63vcRigPqjx8ko5hoCG_sQAvD_BwE&gclsrc=aw.ds
Title for https://laracasts.com/: 
Title for laracasts.com/
Title for https://laracasts.com/: 
Title for laracasts.com/
Title for https://www.cardmarket.com/fr/YuGiOh: Cardmarket: Achète et Vends des cartes Yu-Gi-Oh!
Title for www.cardmarket.com/fr/YuGiOh
Title for https://www.amazon.fr/: Amazon.fr : livres, DVD, jeux vidéo, musique, high-tech, informatique, jouets, vêtements, chaussures, sport, bricolage, maison, beauté, puériculture, épicerie et plus encore !
Title for www.amazon.fr/
Title for https://laracasts.com/series/aws-fundamentals/episodes/1: 
Title for laracasts.com/series/aws-fundamentals/episodes/1
Title for https://cloud.ionos.fr/stockage/object-storage?ac=OM.FR.FRo42K356238T7073a&itc=8UF8HPYG-HUKYUQ-&utm_source=google&utm_medium=cpc&utm_campaign=%7bcampaign%7d&utm_term=s3%20object%20storage&matchtype=b&utm_content=%7badgroup%7d&gclid=CjwKCAiAl9efBhAkEiwA4ToriicWOQnFZg10o8wnM7toSrPOBhvYVBoyfwhHqu63vcRigPqjx8ko5hoCG_sQAvD_BwE&gclsrc=aw.ds: IONOS S3 Object Storage : dans le Compute Engine
Title for cloud.ionos.fr/stockage/object-storage?ac=OM.FR.FRo42K356238T7073a&itc=8UF8HPYG-HUKYUQ-&utm_source=google&utm_medium=cpc&utm_campaign=%7bcampaign%7d&utm_term=s3%20object%20storage&matchtype=b&utm_content=%7badgroup%7d&gclid=CjwKCAiAl9efBhAkEiwA4ToriicWOQnFZg10o8wnM7toSrPOBhvYVBoyfwhHqu63vcRigPqjx8ko5hoCG_sQAvD_BwE&gclsrc=aw.ds
Title for https://laracasts.com/: 
Title for laracasts.com/
Title for https://laracasts.com/: 
Title for laracasts.com/
Title for https://www.cardmarket.com/fr/YuGiOh: Cardmarket: Achète et Vends des cartes Yu-Gi-Oh!
Title for www.cardmarket.com/fr/YuGiOh
Title for https://www.amazon.fr/: Amazon.fr : livres, DVD, jeux vidéo, musique, high-tech, informatique, jouets, vêtements, chaussures, sport, bricolage, maison, beauté, puériculture, épicerie et plus encore !
Title for www.amazon.fr/
Title for https://laracasts.com/series/aws-fundamentals/episodes/1: 
Title for laracasts.com/series/aws-fundamentals/episodes/1
Title for https://cloud.ionos.fr/stockage/object-storage?ac=OM.FR.FRo42K356238T7073a&itc=8UF8HPYG-HUKYUQ-&utm_source=google&utm_medium=cpc&utm_campaign=%7bcampaign%7d&utm_term=s3%20object%20storage&matchtype=b&utm_content=%7badgroup%7d&gclid=CjwKCAiAl9efBhAkEiwA4ToriicWOQnFZg10o8wnM7toSrPOBhvYVBoyfwhHqu63vcRigPqjx8ko5hoCG_sQAvD_BwE&gclsrc=aw.ds: IONOS S3 Object Storage : dans le Compute Engine
Title for cloud.ionos.fr/stockage/object-storage?ac=OM.FR.FRo42K356238T7073a&itc=8UF8HPYG-HUKYUQ-&utm_source=google&utm_medium=cpc&utm_campaign=%7bcampaign%7d&utm_term=s3%20object%20storage&matchtype=b&utm_content=%7badgroup%7d&gclid=CjwKCAiAl9efBhAkEiwA4ToriicWOQnFZg10o8wnM7toSrPOBhvYVBoyfwhHqu63vcRigPqjx8ko5hoCG_sQAvD_BwE&gclsrc=aw.ds
Title for https://laracasts.com/: 
Title for laracasts.com/
Title for https://laracasts.com/: 
Title for laracasts.com/
Title for https://www.cardmarket.com/fr/YuGiOh: Cardmarket: Achète et Vends des cartes Yu-Gi-Oh!
Title for www.cardmarket.com/fr/YuGiOh
Title for https://www.leboncoin.fr/: leboncoin.fr
Title for www.leboncoin.fr/
Title for https://www.amazon.fr/: Amazon.fr : livres, DVD, jeux vidéo, musique, high-tech, informatique, jouets, vêtements, chaussures, sport, bricolage, maison, beauté, puériculture, épicerie et plus encore !
Title for www.amazon.fr/
Title for https://laracasts.com/series/aws-fundamentals/episodes/1: 
Title for laracasts.com/series/aws-fundamentals/episodes/1
Title for https://cloud.ionos.fr/stockage/object-storage?ac=OM.FR.FRo42K356238T7073a&itc=8UF8HPYG-HUKYUQ-&utm_source=google&utm_medium=cpc&utm_campaign=%7bcampaign%7d&utm_term=s3%20object%20storage&matchtype=b&utm_content=%7badgroup%7d&gclid=CjwKCAiAl9efBhAkEiwA4ToriicWOQnFZg10o8wnM7toSrPOBhvYVBoyfwhHqu63vcRigPqjx8ko5hoCG_sQAvD_BwE&gclsrc=aw.ds: IONOS S3 Object Storage : dans le Compute Engine
Title for cloud.ionos.fr/stockage/object-storage?ac=OM.FR.FRo42K356238T7073a&itc=8UF8HPYG-HUKYUQ-&utm_source=google&utm_medium=cpc&utm_campaign=%7bcampaign%7d&utm_term=s3%20object%20storage&matchtype=b&utm_content=%7badgroup%7d&gclid=CjwKCAiAl9efBhAkEiwA4ToriicWOQnFZg10o8wnM7toSrPOBhvYVBoyfwhHqu63vcRigPqjx8ko5hoCG_sQAvD_BwE&gclsrc=aw.ds
Title for https://laracasts.com/: 
Title for laracasts.com/
Title for https://laracasts.com/: 
Title for laracasts.com/
Title for https://www.cardmarket.com/fr/YuGiOh: Cardmarket: Achète et Vends des cartes Yu-Gi-Oh!
Title for www.cardmarket.com/fr/YuGiOh
Title for https://www.leboncoin.fr/: leboncoin.fr
Title for www.leboncoin.fr/
Title for https://www.amazon.fr/: Amazon.fr : livres, DVD, jeux vidéo, musique, high-tech, informatique, jouets, vêtements, chaussures, sport, bricolage, maison, beauté, puériculture, épicerie et plus encore !
Title for www.amazon.fr/
Title for https://laracasts.com/series/aws-fundamentals/episodes/1: 
Title for laracasts.com/series/aws-fundamentals/episodes/1
Title for https://cloud.ionos.fr/stockage/object-storage?ac=OM.FR.FRo42K356238T7073a&itc=8UF8HPYG-HUKYUQ-&utm_source=google&utm_medium=cpc&utm_campaign=%7bcampaign%7d&utm_term=s3%20object%20storage&matchtype=b&utm_content=%7badgroup%7d&gclid=CjwKCAiAl9efBhAkEiwA4ToriicWOQnFZg10o8wnM7toSrPOBhvYVBoyfwhHqu63vcRigPqjx8ko5hoCG_sQAvD_BwE&gclsrc=aw.ds: IONOS S3 Object Storage : dans le Compute Engine
Title for cloud.ionos.fr/stockage/object-storage?ac=OM.FR.FRo42K356238T7073a&itc=8UF8HPYG-HUKYUQ-&utm_source=google&utm_medium=cpc&utm_campaign=%7bcampaign%7d&utm_term=s3%20object%20storage&matchtype=b&utm_content=%7badgroup%7d&gclid=CjwKCAiAl9efBhAkEiwA4ToriicWOQnFZg10o8wnM7toSrPOBhvYVBoyfwhHqu63vcRigPqjx8ko5hoCG_sQAvD_BwE&gclsrc=aw.ds
Title for https://laracasts.com/: 
Title for laracasts.com/
Title for https://laracasts.com/: 
Title for laracasts.com/
Title for https://www.cardmarket.com/fr/YuGiOh: Cardmarket: Achète et Vends des cartes Yu-Gi-Oh!
Title for www.cardmarket.com/fr/YuGiOh
Title for https://www.leboncoin.fr/: leboncoin.fr
Title for www.leboncoin.fr/
Title for https://www.amazon.fr/: Amazon.fr : livres, DVD, jeux vidéo, musique, high-tech, informatique, jouets, vêtements, chaussures, sport, bricolage, maison, beauté, puériculture, épicerie et plus encore !
Title for www.amazon.fr/
Title for https://laracasts.com/series/aws-fundamentals/episodes/1: 
Title for laracasts.com/series/aws-fundamentals/episodes/1
Title for https://cloud.ionos.fr/stockage/object-storage?ac=OM.FR.FRo42K356238T7073a&itc=8UF8HPYG-HUKYUQ-&utm_source=google&utm_medium=cpc&utm_campaign=%7bcampaign%7d&utm_term=s3%20object%20storage&matchtype=b&utm_content=%7badgroup%7d&gclid=CjwKCAiAl9efBhAkEiwA4ToriicWOQnFZg10o8wnM7toSrPOBhvYVBoyfwhHqu63vcRigPqjx8ko5hoCG_sQAvD_BwE&gclsrc=aw.ds: IONOS S3 Object Storage : dans le Compute Engine
Title for cloud.ionos.fr/stockage/object-storage?ac=OM.FR.FRo42K356238T7073a&itc=8UF8HPYG-HUKYUQ-&utm_source=google&utm_medium=cpc&utm_campaign=%7bcampaign%7d&utm_term=s3%20object%20storage&matchtype=b&utm_content=%7badgroup%7d&gclid=CjwKCAiAl9efBhAkEiwA4ToriicWOQnFZg10o8wnM7toSrPOBhvYVBoyfwhHqu63vcRigPqjx8ko5hoCG_sQAvD_BwE&gclsrc=aw.ds
Title for https://laracasts.com/: 
Title for laracasts.com/
Title for https://laracasts.com/: 
Title for laracasts.com/
Title for https://www.cardmarket.com/fr/YuGiOh: Cardmarket: Achète et Vends des cartes Yu-Gi-Oh!
Title for www.cardmarket.com/fr/YuGiOh
Title for https://www.leboncoin.fr/: leboncoin.fr
Title for www.leboncoin.fr/
Title for https://www.amazon.fr/: Amazon.fr : livres, DVD, jeux vidéo, musique, high-tech, informatique, jouets, vêtements, chaussures, sport, bricolage, maison, beauté, puériculture, épicerie et plus encore !
Title for www.amazon.fr/
Title for https://laracasts.com/series/aws-fundamentals/episodes/1: 
Title for laracasts.com/series/aws-fundamentals/episodes/1
Title for https://cloud.ionos.fr/stockage/object-storage?ac=OM.FR.FRo42K356238T7073a&itc=8UF8HPYG-HUKYUQ-&utm_source=google&utm_medium=cpc&utm_campaign=%7bcampaign%7d&utm_term=s3%20object%20storage&matchtype=b&utm_content=%7badgroup%7d&gclid=CjwKCAiAl9efBhAkEiwA4ToriicWOQnFZg10o8wnM7toSrPOBhvYVBoyfwhHqu63vcRigPqjx8ko5hoCG_sQAvD_BwE&gclsrc=aw.ds: IONOS S3 Object Storage : dans le Compute Engine
Title for cloud.ionos.fr/stockage/object-storage?ac=OM.FR.FRo42K356238T7073a&itc=8UF8HPYG-HUKYUQ-&utm_source=google&utm_medium=cpc&utm_campaign=%7bcampaign%7d&utm_term=s3%20object%20storage&matchtype=b&utm_content=%7badgroup%7d&gclid=CjwKCAiAl9efBhAkEiwA4ToriicWOQnFZg10o8wnM7toSrPOBhvYVBoyfwhHqu63vcRigPqjx8ko5hoCG_sQAvD_BwE&gclsrc=aw.ds
Title for https://laracasts.com/: 
Title for laracasts.com/
Title for https://laracasts.com/: 
Title for laracasts.com/
Title for https://www.cardmarket.com/fr/YuGiOh: Cardmarket: Achète et Vends des cartes Yu-Gi-Oh!
Title for www.cardmarket.com/fr/YuGiOh
Title for https://www.leboncoin.fr/: leboncoin.fr
Title for www.leboncoin.fr/
Title for https://negativ.world: Negativ World – CREATIV DESTRUCTION
Title for negativ.world
Title for https://www.amazon.fr/: Amazon.fr : livres, DVD, jeux vidéo, musique, high-tech, informatique, jouets, vêtements, chaussures, sport, bricolage, maison, beauté, puériculture, épicerie et plus encore !
Title for www.amazon.fr/
Title for https://laracasts.com/series/aws-fundamentals/episodes/1: 
Title for laracasts.com/series/aws-fundamentals/episodes/1
Title for https://cloud.ionos.fr/stockage/object-storage?ac=OM.FR.FRo42K356238T7073a&itc=8UF8HPYG-HUKYUQ-&utm_source=google&utm_medium=cpc&utm_campaign=%7bcampaign%7d&utm_term=s3%20object%20storage&matchtype=b&utm_content=%7badgroup%7d&gclid=CjwKCAiAl9efBhAkEiwA4ToriicWOQnFZg10o8wnM7toSrPOBhvYVBoyfwhHqu63vcRigPqjx8ko5hoCG_sQAvD_BwE&gclsrc=aw.ds: IONOS S3 Object Storage : dans le Compute Engine
Title for cloud.ionos.fr/stockage/object-storage?ac=OM.FR.FRo42K356238T7073a&itc=8UF8HPYG-HUKYUQ-&utm_source=google&utm_medium=cpc&utm_campaign=%7bcampaign%7d&utm_term=s3%20object%20storage&matchtype=b&utm_content=%7badgroup%7d&gclid=CjwKCAiAl9efBhAkEiwA4ToriicWOQnFZg10o8wnM7toSrPOBhvYVBoyfwhHqu63vcRigPqjx8ko5hoCG_sQAvD_BwE&gclsrc=aw.ds
Title for https://laracasts.com/: 
Title for laracasts.com/
Title for https://laracasts.com/: 
Title for laracasts.com/
Title for https://www.cardmarket.com/fr/YuGiOh: Cardmarket: Achète et Vends des cartes Yu-Gi-Oh!
Title for www.cardmarket.com/fr/YuGiOh
Title for https://www.leboncoin.fr/: leboncoin.fr
Title for www.leboncoin.fr/
Title for https://www.amazon.fr/: Amazon.fr : livres, DVD, jeux vidéo, musique, high-tech, informatique, jouets, vêtements, chaussures, sport, bricolage, maison, beauté, puériculture, épicerie et plus encore !
Title for www.amazon.fr/
Title for https://laracasts.com/series/aws-fundamentals/episodes/1: 
Title for laracasts.com/series/aws-fundamentals/episodes/1
Title for https://cloud.ionos.fr/stockage/object-storage?ac=OM.FR.FRo42K356238T7073a&itc=8UF8HPYG-HUKYUQ-&utm_source=google&utm_medium=cpc&utm_campaign=%7bcampaign%7d&utm_term=s3%20object%20storage&matchtype=b&utm_content=%7badgroup%7d&gclid=CjwKCAiAl9efBhAkEiwA4ToriicWOQnFZg10o8wnM7toSrPOBhvYVBoyfwhHqu63vcRigPqjx8ko5hoCG_sQAvD_BwE&gclsrc=aw.ds: IONOS S3 Object Storage : dans le Compute Engine
Title for cloud.ionos.fr/stockage/object-storage?ac=OM.FR.FRo42K356238T7073a&itc=8UF8HPYG-HUKYUQ-&utm_source=google&utm_medium=cpc&utm_campaign=%7bcampaign%7d&utm_term=s3%20object%20storage&matchtype=b&utm_content=%7badgroup%7d&gclid=CjwKCAiAl9efBhAkEiwA4ToriicWOQnFZg10o8wnM7toSrPOBhvYVBoyfwhHqu63vcRigPqjx8ko5hoCG_sQAvD_BwE&gclsrc=aw.ds
Title for https://laracasts.com/: 
Title for laracasts.com/
Title for https://laracasts.com/: 
Title for laracasts.com/
Title for https://www.cardmarket.com/fr/YuGiOh: Cardmarket: Achète et Vends des cartes Yu-Gi-Oh!
Title for www.cardmarket.com/fr/YuGiOh
Title for https://www.leboncoin.fr/: leboncoin.fr
Title for www.leboncoin.fr/
Title for https://www.amazon.fr/: Amazon.fr : livres, DVD, jeux vidéo, musique, high-tech, informatique, jouets, vêtements, chaussures, sport, bricolage, maison, beauté, puériculture, épicerie et plus encore !
Title for www.amazon.fr/
Title for https://laracasts.com/series/aws-fundamentals/episodes/1: 
Title for laracasts.com/series/aws-fundamentals/episodes/1
Title for https://cloud.ionos.fr/stockage/object-storage?ac=OM.FR.FRo42K356238T7073a&itc=8UF8HPYG-HUKYUQ-&utm_source=google&utm_medium=cpc&utm_campaign=%7bcampaign%7d&utm_term=s3%20object%20storage&matchtype=b&utm_content=%7badgroup%7d&gclid=CjwKCAiAl9efBhAkEiwA4ToriicWOQnFZg10o8wnM7toSrPOBhvYVBoyfwhHqu63vcRigPqjx8ko5hoCG_sQAvD_BwE&gclsrc=aw.ds: IONOS S3 Object Storage : dans le Compute Engine
Title for cloud.ionos.fr/stockage/object-storage?ac=OM.FR.FRo42K356238T7073a&itc=8UF8HPYG-HUKYUQ-&utm_source=google&utm_medium=cpc&utm_campaign=%7bcampaign%7d&utm_term=s3%20object%20storage&matchtype=b&utm_content=%7badgroup%7d&gclid=CjwKCAiAl9efBhAkEiwA4ToriicWOQnFZg10o8wnM7toSrPOBhvYVBoyfwhHqu63vcRigPqjx8ko5hoCG_sQAvD_BwE&gclsrc=aw.ds
Title for https://laracasts.com/: 
Title for laracasts.com/
Title for https://laracasts.com/: 
Title for laracasts.com/
Title for https://www.cardmarket.com/fr/YuGiOh: Cardmarket: Achète et Vends des cartes Yu-Gi-Oh!
Title for www.cardmarket.com/fr/YuGiOh
Title for https://www.leboncoin.fr/: leboncoin.fr
Title for www.leboncoin.fr/
Title for https://www.amazon.fr/: Amazon.fr : livres, DVD, jeux vidéo, musique, high-tech, informatique, jouets, vêtements, chaussures, sport, bricolage, maison, beauté, puériculture, épicerie et plus encore !
Title for www.amazon.fr/
Title for https://laracasts.com/series/aws-fundamentals/episodes/1: 
Title for laracasts.com/series/aws-fundamentals/episodes/1
Title for https://cloud.ionos.fr/stockage/object-storage?ac=OM.FR.FRo42K356238T7073a&itc=8UF8HPYG-HUKYUQ-&utm_source=google&utm_medium=cpc&utm_campaign=%7bcampaign%7d&utm_term=s3%20object%20storage&matchtype=b&utm_content=%7badgroup%7d&gclid=CjwKCAiAl9efBhAkEiwA4ToriicWOQnFZg10o8wnM7toSrPOBhvYVBoyfwhHqu63vcRigPqjx8ko5hoCG_sQAvD_BwE&gclsrc=aw.ds: IONOS S3 Object Storage : dans le Compute Engine
Title for cloud.ionos.fr/stockage/object-storage?ac=OM.FR.FRo42K356238T7073a&itc=8UF8HPYG-HUKYUQ-&utm_source=google&utm_medium=cpc&utm_campaign=%7bcampaign%7d&utm_term=s3%20object%20storage&matchtype=b&utm_content=%7badgroup%7d&gclid=CjwKCAiAl9efBhAkEiwA4ToriicWOQnFZg10o8wnM7toSrPOBhvYVBoyfwhHqu63vcRigPqjx8ko5hoCG_sQAvD_BwE&gclsrc=aw.ds
Title for https://laracasts.com/: 
Title for laracasts.com/
Title for https://laracasts.com/: 
Title for laracasts.com/
Title for https://www.cardmarket.com/fr/YuGiOh: Cardmarket: Achète et Vends des cartes Yu-Gi-Oh!
Title for www.cardmarket.com/fr/YuGiOh
Title for https://www.leboncoin.fr/: leboncoin.fr
Title for www.leboncoin.fr/
Title for https://www.amazon.fr/: Amazon.fr : livres, DVD, jeux vidéo, musique, high-tech, informatique, jouets, vêtements, chaussures, sport, bricolage, maison, beauté, puériculture, épicerie et plus encore !
Title for www.amazon.fr/
Title for https://laracasts.com/series/aws-fundamentals/episodes/1: 
Title for laracasts.com/series/aws-fundamentals/episodes/1
Title for https://cloud.ionos.fr/stockage/object-storage?ac=OM.FR.FRo42K356238T7073a&itc=8UF8HPYG-HUKYUQ-&utm_source=google&utm_medium=cpc&utm_campaign=%7bcampaign%7d&utm_term=s3%20object%20storage&matchtype=b&utm_content=%7badgroup%7d&gclid=CjwKCAiAl9efBhAkEiwA4ToriicWOQnFZg10o8wnM7toSrPOBhvYVBoyfwhHqu63vcRigPqjx8ko5hoCG_sQAvD_BwE&gclsrc=aw.ds: IONOS S3 Object Storage : dans le Compute Engine
Title for cloud.ionos.fr/stockage/object-storage?ac=OM.FR.FRo42K356238T7073a&itc=8UF8HPYG-HUKYUQ-&utm_source=google&utm_medium=cpc&utm_campaign=%7bcampaign%7d&utm_term=s3%20object%20storage&matchtype=b&utm_content=%7badgroup%7d&gclid=CjwKCAiAl9efBhAkEiwA4ToriicWOQnFZg10o8wnM7toSrPOBhvYVBoyfwhHqu63vcRigPqjx8ko5hoCG_sQAvD_BwE&gclsrc=aw.ds
Title for https://laracasts.com/: 
Title for laracasts.com/
Title for https://laracasts.com/: 
Title for laracasts.com/
Title for https://www.cardmarket.com/fr/YuGiOh: Cardmarket: Achète et Vends des cartes Yu-Gi-Oh!
Title for www.cardmarket.com/fr/YuGiOh
Title for https://www.leboncoin.fr/: leboncoin.fr
Title for www.leboncoin.fr/
Title for https://www.instant-gaming.com/fr/: Instant-Gaming.com - Vos jeux PC & MAC jusqu'à -70% ! Steam, Origin, Uplay, Indies, Livraison instantanée, 24/7 !
Title for www.instant-gaming.com/fr/
Title for https://www.amazon.fr/: Amazon.fr : livres, DVD, jeux vidéo, musique, high-tech, informatique, jouets, vêtements, chaussures, sport, bricolage, maison, beauté, puériculture, épicerie et plus encore !
Title for www.amazon.fr/
Title for https://laracasts.com/series/aws-fundamentals/episodes/1: 
Title for laracasts.com/series/aws-fundamentals/episodes/1
Title for https://cloud.ionos.fr/stockage/object-storage?ac=OM.FR.FRo42K356238T7073a&itc=8UF8HPYG-HUKYUQ-&utm_source=google&utm_medium=cpc&utm_campaign=%7bcampaign%7d&utm_term=s3%20object%20storage&matchtype=b&utm_content=%7badgroup%7d&gclid=CjwKCAiAl9efBhAkEiwA4ToriicWOQnFZg10o8wnM7toSrPOBhvYVBoyfwhHqu63vcRigPqjx8ko5hoCG_sQAvD_BwE&gclsrc=aw.ds: IONOS S3 Object Storage : dans le Compute Engine
Title for cloud.ionos.fr/stockage/object-storage?ac=OM.FR.FRo42K356238T7073a&itc=8UF8HPYG-HUKYUQ-&utm_source=google&utm_medium=cpc&utm_campaign=%7bcampaign%7d&utm_term=s3%20object%20storage&matchtype=b&utm_content=%7badgroup%7d&gclid=CjwKCAiAl9efBhAkEiwA4ToriicWOQnFZg10o8wnM7toSrPOBhvYVBoyfwhHqu63vcRigPqjx8ko5hoCG_sQAvD_BwE&gclsrc=aw.ds
Title for https://laracasts.com/: 
Title for laracasts.com/
Title for https://laracasts.com/: 
Title for laracasts.com/
Title for https://www.cardmarket.com/fr/YuGiOh: Cardmarket: Achète et Vends des cartes Yu-Gi-Oh!
Title for www.cardmarket.com/fr/YuGiOh
Title for https://www.leboncoin.fr/: leboncoin.fr
Title for www.leboncoin.fr/
Title for https://www.instant-gaming.com/fr/: Instant-Gaming.com - Vos jeux PC & MAC jusqu'à -70% ! Steam, Origin, Uplay, Indies, Livraison instantanée, 24/7 !
Title for www.instant-gaming.com/fr/
Title for https://www.negativ.world: Negativ World – CREATIV DESTRUCTION
Title for www.negativ.world
Title for https://www.amazon.fr/: Amazon.fr : livres, DVD, jeux vidéo, musique, high-tech, informatique, jouets, vêtements, chaussures, sport, bricolage, maison, beauté, puériculture, épicerie et plus encore !
Title for www.amazon.fr/
Title for https://laracasts.com/series/aws-fundamentals/episodes/1: 
Title for laracasts.com/series/aws-fundamentals/episodes/1
Title for https://cloud.ionos.fr/stockage/object-storage?ac=OM.FR.FRo42K356238T7073a&itc=8UF8HPYG-HUKYUQ-&utm_source=google&utm_medium=cpc&utm_campaign=%7bcampaign%7d&utm_term=s3%20object%20storage&matchtype=b&utm_content=%7badgroup%7d&gclid=CjwKCAiAl9efBhAkEiwA4ToriicWOQnFZg10o8wnM7toSrPOBhvYVBoyfwhHqu63vcRigPqjx8ko5hoCG_sQAvD_BwE&gclsrc=aw.ds: IONOS S3 Object Storage : dans le Compute Engine
Title for cloud.ionos.fr/stockage/object-storage?ac=OM.FR.FRo42K356238T7073a&itc=8UF8HPYG-HUKYUQ-&utm_source=google&utm_medium=cpc&utm_campaign=%7bcampaign%7d&utm_term=s3%20object%20storage&matchtype=b&utm_content=%7badgroup%7d&gclid=CjwKCAiAl9efBhAkEiwA4ToriicWOQnFZg10o8wnM7toSrPOBhvYVBoyfwhHqu63vcRigPqjx8ko5hoCG_sQAvD_BwE&gclsrc=aw.ds
Title for https://laracasts.com/: 
Title for laracasts.com/
Title for https://laracasts.com/: 
Title for laracasts.com/
Title for https://www.cardmarket.com/fr/YuGiOh: Cardmarket: Achète et Vends des cartes Yu-Gi-Oh!
Title for www.cardmarket.com/fr/YuGiOh
Title for https://www.leboncoin.fr/: leboncoin.fr
Title for www.leboncoin.fr/
Title for https://www.instant-gaming.com/fr/: Instant-Gaming.com - Vos jeux PC & MAC jusqu'à -70% ! Steam, Origin, Uplay, Indies, Livraison instantanée, 24/7 !
Title for www.instant-gaming.com/fr/
Title for https://www.amazon.fr/: Amazon.fr : livres, DVD, jeux vidéo, musique, high-tech, informatique, jouets, vêtements, chaussures, sport, bricolage, maison, beauté, puériculture, épicerie et plus encore !
Title for www.amazon.fr/
Title for https://laracasts.com/series/aws-fundamentals/episodes/1: 
Title for laracasts.com/series/aws-fundamentals/episodes/1
Title for https://cloud.ionos.fr/stockage/object-storage?ac=OM.FR.FRo42K356238T7073a&itc=8UF8HPYG-HUKYUQ-&utm_source=google&utm_medium=cpc&utm_campaign=%7bcampaign%7d&utm_term=s3%20object%20storage&matchtype=b&utm_content=%7badgroup%7d&gclid=CjwKCAiAl9efBhAkEiwA4ToriicWOQnFZg10o8wnM7toSrPOBhvYVBoyfwhHqu63vcRigPqjx8ko5hoCG_sQAvD_BwE&gclsrc=aw.ds: IONOS S3 Object Storage : dans le Compute Engine
Title for cloud.ionos.fr/stockage/object-storage?ac=OM.FR.FRo42K356238T7073a&itc=8UF8HPYG-HUKYUQ-&utm_source=google&utm_medium=cpc&utm_campaign=%7bcampaign%7d&utm_term=s3%20object%20storage&matchtype=b&utm_content=%7badgroup%7d&gclid=CjwKCAiAl9efBhAkEiwA4ToriicWOQnFZg10o8wnM7toSrPOBhvYVBoyfwhHqu63vcRigPqjx8ko5hoCG_sQAvD_BwE&gclsrc=aw.ds
Title for https://laracasts.com/: 
Title for laracasts.com/
Title for https://laracasts.com/: 
Title for laracasts.com/
Title for https://www.cardmarket.com/fr/YuGiOh: Cardmarket: Achète et Vends des cartes Yu-Gi-Oh!
Title for www.cardmarket.com/fr/YuGiOh
Title for https://www.leboncoin.fr/: leboncoin.fr
Title for www.leboncoin.fr/
Title for https://www.instant-gaming.com/fr/: Instant-Gaming.com - Vos jeux PC & MAC jusqu'à -70% ! Steam, Origin, Uplay, Indies, Livraison instantanée, 24/7 !
Title for www.instant-gaming.com/fr/
Title for https://www.amazon.fr/: Amazon.fr : livres, DVD, jeux vidéo, musique, high-tech, informatique, jouets, vêtements, chaussures, sport, bricolage, maison, beauté, puériculture, épicerie et plus encore !
Title for www.amazon.fr/
Title for https://laracasts.com/series/aws-fundamentals/episodes/1: 
Title for laracasts.com/series/aws-fundamentals/episodes/1
Title for https://cloud.ionos.fr/stockage/object-storage?ac=OM.FR.FRo42K356238T7073a&itc=8UF8HPYG-HUKYUQ-&utm_source=google&utm_medium=cpc&utm_campaign=%7bcampaign%7d&utm_term=s3%20object%20storage&matchtype=b&utm_content=%7badgroup%7d&gclid=CjwKCAiAl9efBhAkEiwA4ToriicWOQnFZg10o8wnM7toSrPOBhvYVBoyfwhHqu63vcRigPqjx8ko5hoCG_sQAvD_BwE&gclsrc=aw.ds: IONOS S3 Object Storage : dans le Compute Engine
Title for cloud.ionos.fr/stockage/object-storage?ac=OM.FR.FRo42K356238T7073a&itc=8UF8HPYG-HUKYUQ-&utm_source=google&utm_medium=cpc&utm_campaign=%7bcampaign%7d&utm_term=s3%20object%20storage&matchtype=b&utm_content=%7badgroup%7d&gclid=CjwKCAiAl9efBhAkEiwA4ToriicWOQnFZg10o8wnM7toSrPOBhvYVBoyfwhHqu63vcRigPqjx8ko5hoCG_sQAvD_BwE&gclsrc=aw.ds
Title for https://laracasts.com/: 
Title for laracasts.com/
Title for https://laracasts.com/: 
Title for laracasts.com/
Title for https://www.cardmarket.com/fr/YuGiOh: Cardmarket: Achète et Vends des cartes Yu-Gi-Oh!
Title for www.cardmarket.com/fr/YuGiOh
Title for https://www.leboncoin.fr/: leboncoin.fr
Title for www.leboncoin.fr/
Title for https://www.instant-gaming.com/fr/: Instant-Gaming.com - Vos jeux PC & MAC jusqu'à -70% ! Steam, Origin, Uplay, Indies, Livraison instantanée, 24/7 !
Title for www.instant-gaming.com/fr/
Title for https://www.amazon.fr/: Amazon.fr : livres, DVD, jeux vidéo, musique, high-tech, informatique, jouets, vêtements, chaussures, sport, bricolage, maison, beauté, puériculture, épicerie et plus encore !
Title for www.amazon.fr/
Title for https://laracasts.com/series/aws-fundamentals/episodes/1: 
Title for laracasts.com/series/aws-fundamentals/episodes/1
Title for https://cloud.ionos.fr/stockage/object-storage?ac=OM.FR.FRo42K356238T7073a&itc=8UF8HPYG-HUKYUQ-&utm_source=google&utm_medium=cpc&utm_campaign=%7bcampaign%7d&utm_term=s3%20object%20storage&matchtype=b&utm_content=%7badgroup%7d&gclid=CjwKCAiAl9efBhAkEiwA4ToriicWOQnFZg10o8wnM7toSrPOBhvYVBoyfwhHqu63vcRigPqjx8ko5hoCG_sQAvD_BwE&gclsrc=aw.ds: IONOS S3 Object Storage : dans le Compute Engine
Title for cloud.ionos.fr/stockage/object-storage?ac=OM.FR.FRo42K356238T7073a&itc=8UF8HPYG-HUKYUQ-&utm_source=google&utm_medium=cpc&utm_campaign=%7bcampaign%7d&utm_term=s3%20object%20storage&matchtype=b&utm_content=%7badgroup%7d&gclid=CjwKCAiAl9efBhAkEiwA4ToriicWOQnFZg10o8wnM7toSrPOBhvYVBoyfwhHqu63vcRigPqjx8ko5hoCG_sQAvD_BwE&gclsrc=aw.ds
Title for https://www.negativ.world: Negativ World – CREATIV DESTRUCTION
Recorded data for https://www.negativ.world
Traceback (most recent call last):
  File "/python/background_worker.py", line 73, in <module>
    redis_container.lpsuh('titles', title)
AttributeError: 'Redis' object has no attribute 'lpsuh'
